app/build/outputs/logs/manifest-merger-debug-report.txt
-- Merging decision tree log ---
manifest
ADDED from src\main\AndroidManifest.xml:2:1-39:12
	package
		ADDED from src\main\AndroidManifest.xml:3:5-33
		INJECTED from src\main\AndroidManifest.xml
		INJECTED from src\main\AndroidManifest.xml
	android:versionName
		INJECTED from src\main\AndroidManifest.xml
		INJECTED from src\main\AndroidManifest.xml
	xmlns:android
		ADDED from src\main\AndroidManifest.xml:2:11-69
	android:versionCode
		INJECTED from src\main\AndroidManifest.xml
		INJECTED from src\main\AndroidManifest.xml
uses-permission#android.permission.INTERNET
ADDED from src\main\AndroidManifest.xml:5:5-67
	android:name
		ADDED from src\main\AndroidManifest.xml:5:22-64
uses-permission#android.permission.CAMERA
ADDED from src\main\AndroidManifest.xml:6:5-65
MERGED from [cn.bingoogolapple:bga-photopicker:1.2.3] AndroidManifest.xml:12:5-65
	android:name
		ADDED from src\main\AndroidManifest.xml:6:22-62
uses-permission#android.permission.FLASHLIGHT
ADDED from src\main\AndroidManifest.xml:7:5-69
	android:name
		ADDED from src\main\AndroidManifest.xml:7:22-66
uses-permission#android.permission.WRITE_EXTERNAL_STORAGE
ADDED from src\main\AndroidManifest.xml:11:5-81
MERGED from [cn.bingoogolapple:bga-photopicker:1.2.3] AndroidManifest.xml:11:5-81
	android:name
		ADDED from src\main\AndroidManifest.xml:11:22-78
uses-permission#android.permission.READ_EXTERNAL_STORAGE
ADDED from src\main\AndroidManifest.xml:12:5-79
	android:name
		ADDED from src\main\AndroidManifest.xml:12:22-77
uses-permission#android.permission.MOUNT_UNMOUNT_FILESYSTEMS
ADDED from src\main\AndroidManifest.xml:13:5-83
	android:name
		ADDED from src\main\AndroidManifest.xml:13:22-81
uses-permission#android.permission.VIBRATE
ADDED from src\main\AndroidManifest.xml:14:5-66
	android:name
		ADDED from src\main\AndroidManifest.xml:14:22-63
application
ADDED from src\main\AndroidManifest.xml:16:5-37:19
MERGED from [com.android.support:design:25.3.1] AndroidManifest.xml:29:5-20
MERGED from [com.android.support:transition:25.3.1] AndroidManifest.xml:26:5-20
MERGED from [com.android.support:cardview-v7:25.3.1] AndroidManifest.xml:26:5-20
MERGED from [cn.bingoogolapple:bga-photopicker:1.2.3] AndroidManifest.xml:14:5-39:19
MERGED from [com.github.droidbyme:DroidDialog:d4b5af0f48] AndroidManifest.xml:11:5-15:19
MERGED from [com.android.support.constraint:constraint-layout:1.0.2] AndroidManifest.xml:9:5-20
MERGED from [com.unstoppable:submitbutton:1.1.1] AndroidManifest.xml:11:5-12:19
MERGED from [com.github.pirrip90:ScrollTextView:1.0.0] AndroidManifest.xml:11:5-15:19
MERGED from [com.android.support:appcompat-v7:25.3.1] AndroidManifest.xml:29:5-20
MERGED from [com.android.support:support-v4:25.3.1] AndroidManifest.xml:29:5-20
MERGED from [com.android.support:support-fragment:25.3.1] AndroidManifest.xml:29:5-20
MERGED from [com.android.support:support-media-compat:25.3.1] AndroidManifest.xml:29:5-20
MERGED from [com.android.support:support-core-ui:25.3.1] AndroidManifest.xml:29:5-20
MERGED from [com.android.support:support-core-utils:25.3.1] AndroidManifest.xml:29:5-20
MERGED from [com.android.support:animated-vector-drawable:25.3.1] AndroidManifest.xml:26:5-20
MERGED from [com.android.support:support-vector-drawable:25.3.1] AndroidManifest.xml:26:5-20
MERGED from [com.android.support:support-compat:25.3.1] AndroidManifest.xml:29:5-20
	android:label
		ADDED from src\main\AndroidManifest.xml:19:9-41
	android:supportsRtl
		ADDED from src\main\AndroidManifest.xml:20:9-35
	android:allowBackup
		ADDED from src\main\AndroidManifest.xml:17:9-35
	android:icon
		ADDED from src\main\AndroidManifest.xml:18:9-44
	android:theme
		ADDED from src\main\AndroidManifest.xml:21:9-40
activity#cn.horizon.library.activity.MainActivity
ADDED from src\main\AndroidManifest.xml:22:9-28:20
	android:name
		ADDED from src\main\AndroidManifest.xml:22:19-74
intent-filter#android.intent.action.MAIN+android.intent.category.LAUNCHER
ADDED from src\main\AndroidManifest.xml:23:13-27:29
action#android.intent.action.MAIN
ADDED from src\main\AndroidManifest.xml:24:17-69
	android:name
		ADDED from src\main\AndroidManifest.xml:24:25-66
category#android.intent.category.LAUNCHER
ADDED from src\main\AndroidManifest.xml:26:17-77
	android:name
		ADDED from src\main\AndroidManifest.xml:26:27-74
activity#cn.horizon.library.activity.RegisterActivity
ADDED from src\main\AndroidManifest.xml:30:9-32:50
	android:theme
		ADDED from src\main\AndroidManifest.xml:32:13-47
	android:name
		ADDED from src\main\AndroidManifest.xml:31:13-72
activity#cn.horizon.library.activity.LoginSuccessActivity
ADDED from src\main\AndroidManifest.xml:33:9-85
	android:name
		ADDED from src\main\AndroidManifest.xml:33:19-82
activity#cn.horizon.library.activity.BorrowActivity
ADDED from src\main\AndroidManifest.xml:34:9-79
	android:name
		ADDED from src\main\AndroidManifest.xml:34:19-76
activity#cn.horizon.library.activity.ReturnActivity
ADDED from src\main\AndroidManifest.xml:35:9-79
	android:name
		ADDED from src\main\AndroidManifest.xml:35:19-76
activity#cn.horizon.library.activity.PayActivity
ADDED from src\main\AndroidManifest.xml:36:9-85
	android:name
		ADDED from src\main\AndroidManifest.xml:36:19-73
uses-sdk
INJECTED from src\main\AndroidManifest.xml reason: use-sdk injection requested
MERGED from [cn.bingoogolapple:bga-qrcodecore:1.1.7] AndroidManifest.xml:6:5-8:41
MERGED from [com.android.support:design:25.3.1] AndroidManifest.xml:21:5-23:62
MERGED from [com.android.support:recyclerview-v7:25.3.1] AndroidManifest.xml:20:5-43
MERGED from [com.android.support:transition:25.3.1] AndroidManifest.xml:20:5-44
MERGED from [com.android.support:cardview-v7:25.3.1] AndroidManifest.xml:20:5-43
MERGED from [cn.bingoogolapple:bga-zxing:1.1.7] AndroidManifest.xml:6:5-8:41
MERGED from [cn.bingoogolapple:bga-zbar:1.1.7] AndroidManifest.xml:6:5-8:41
MERGED from [cn.bingoogolapple:bga-photopicker:1.2.3] AndroidManifest.xml:6:5-9:46
MERGED from [cn.bingoogolapple:bga-adapter:1.1.8] AndroidManifest.xml:6:5-8:41
MERGED from [com.zhy:okhttputils:2.6.2] AndroidManifest.xml:7:5-9:41
MERGED from [com.github.droidbyme:DroidDialog:d4b5af0f48] AndroidManifest.xml:7:5-9:41
MERGED from [com.android.support.constraint:constraint-layout:1.0.2] AndroidManifest.xml:5:5-7:41
MERGED from [com.unstoppable:submitbutton:1.1.1] AndroidManifest.xml:7:5-9:41
MERGED from [com.github.imangazalievm:circlemenu:1.0.3] AndroidManifest.xml:8:5-10:41
MERGED from [com.github.pirrip90:ScrollTextView:1.0.0] AndroidManifest.xml:7:5-9:41
MERGED from [com.android.support:appcompat-v7:25.3.1] AndroidManifest.xml:21:5-23:78
MERGED from [com.android.support:support-v4:25.3.1] AndroidManifest.xml:21:5-23:54
MERGED from [com.android.support:support-fragment:25.3.1] AndroidManifest.xml:21:5-23:60
MERGED from [com.android.support:support-media-compat:25.3.1] AndroidManifest.xml:21:5-23:63
MERGED from [com.android.support:support-core-ui:25.3.1] AndroidManifest.xml:21:5-23:58
MERGED from [com.android.support:support-core-utils:25.3.1] AndroidManifest.xml:21:5-23:61
MERGED from [com.android.support:animated-vector-drawable:25.3.1] AndroidManifest.xml:20:5-44
MERGED from [com.android.support:support-vector-drawable:25.3.1] AndroidManifest.xml:20:5-43
MERGED from [com.android.support:support-compat:25.3.1] AndroidManifest.xml:21:5-23:58
	tools:overrideLibrary
		ADDED from [com.android.support:design:25.3.1] AndroidManifest.xml:23:9-59
	android:targetSdkVersion
		INJECTED from src\main\AndroidManifest.xml
		INJECTED from src\main\AndroidManifest.xml
	android:minSdkVersion
		INJECTED from src\main\AndroidManifest.xml
		INJECTED from src\main\AndroidManifest.xml
meta-data#android.support.VERSION
ADDED from [com.android.support:design:25.3.1] AndroidManifest.xml:25:5-27:34
MERGED from [com.android.support:recyclerview-v7:25.3.1] AndroidManifest.xml:22:5-24:34
MERGED from [com.android.support:transition:25.3.1] AndroidManifest.xml:22:5-24:34
MERGED from [com.android.support:cardview-v7:25.3.1] AndroidManifest.xml:22:5-24:34
MERGED from [com.android.support:appcompat-v7:25.3.1] AndroidManifest.xml:25:5-27:34
MERGED from [com.android.support:support-v4:25.3.1] AndroidManifest.xml:25:5-27:34
MERGED from [com.android.support:support-fragment:25.3.1] AndroidManifest.xml:25:5-27:34
MERGED from [com.android.support:support-media-compat:25.3.1] AndroidManifest.xml:25:5-27:34
MERGED from [com.android.support:support-core-ui:25.3.1] AndroidManifest.xml:25:5-27:34
MERGED from [com.android.support:support-core-utils:25.3.1] AndroidManifest.xml:25:5-27:34
MERGED from [com.android.support:animated-vector-drawable:25.3.1] AndroidManifest.xml:22:5-24:34
MERGED from [com.android.support:support-vector-drawable:25.3.1] AndroidManifest.xml:22:5-24:34
MERGED from [com.android.support:support-compat:25.3.1] AndroidManifest.xml:25:5-27:34
	android:value
		ADDED from [com.android.support:design:25.3.1] AndroidManifest.xml:27:9-31
	android:name
		ADDED from [com.android.support:design:25.3.1] AndroidManifest.xml:26:9-47
activity#cn.bingoogolapple.photopicker.activity.BGAPhotoPreviewActivity
ADDED from [cn.bingoogolapple:bga-photopicker:1.2.3] AndroidManifest.xml:17:9-22:63
	android:screenOrientation
		ADDED from [cn.bingoogolapple:bga-photopicker:1.2.3] AndroidManifest.xml:20:13-49
	android:windowSoftInputMode
		ADDED from [cn.bingoogolapple:bga-photopicker:1.2.3] AndroidManifest.xml:22:13-60
	android:configChanges
		ADDED from [cn.bingoogolapple:bga-photopicker:1.2.3] AndroidManifest.xml:19:13-63
	android:theme
		ADDED from [cn.bingoogolapple:bga-photopicker:1.2.3] AndroidManifest.xml:21:13-46
	android:name
		ADDED from [cn.bingoogolapple:bga-photopicker:1.2.3] AndroidManifest.xml:18:13-90
activity#cn.bingoogolapple.photopicker.activity.BGAPhotoPickerActivity
ADDED from [cn.bingoogolapple:bga-photopicker:1.2.3] AndroidManifest.xml:25:9-30:63
	android:screenOrientation
		ADDED from [cn.bingoogolapple:bga-photopicker:1.2.3] AndroidManifest.xml:28:13-49
	android:windowSoftInputMode
		ADDED from [cn.bingoogolapple:bga-photopicker:1.2.3] AndroidManifest.xml:30:13-60
	android:configChanges
		ADDED from [cn.bingoogolapple:bga-photopicker:1.2.3] AndroidManifest.xml:27:13-63
	android:theme
		ADDED from [cn.bingoogolapple:bga-photopicker:1.2.3] AndroidManifest.xml:29:13-46
	android:name
		ADDED from [cn.bingoogolapple:bga-photopicker:1.2.3] AndroidManifest.xml:26:13-89
activity#cn.bingoogolapple.photopicker.activity.BGAPhotoPickerPreviewActivity
ADDED from [cn.bingoogolapple:bga-photopicker:1.2.3] AndroidManifest.xml:33:9-38:63
	android:screenOrientation
		ADDED from [cn.bingoogolapple:bga-photopicker:1.2.3] AndroidManifest.xml:36:13-49
	android:windowSoftInputMode
		ADDED from [cn.bingoogolapple:bga-photopicker:1.2.3] AndroidManifest.xml:38:13-60
	android:configChanges
		ADDED from [cn.bingoogolapple:bga-photopicker:1.2.3] AndroidManifest.xml:35:13-63
	android:theme
		ADDED from [cn.bingoogolapple:bga-photopicker:1.2.3] AndroidManifest.xml:37:13-46
	android:name
		ADDED from [cn.bingoogolapple:bga-photopicker:1.2.3] AndroidManifest.xml:34:13-96